[debug] [2023-12-31T13:42:53.457Z] ----------------------------------------------------------------------
[debug] [2023-12-31T13:42:53.459Z] Command:       /usr/local/bin/node /usr/local/bin/firebase init
[debug] [2023-12-31T13:42:53.460Z] CLI Version:   13.0.2
[debug] [2023-12-31T13:42:53.460Z] Platform:      darwin
[debug] [2023-12-31T13:42:53.460Z] Node Version:  v20.10.0
[debug] [2023-12-31T13:42:53.460Z] Time:          Sun Dec 31 2023 19:12:53 GMT+0530 (India Standard Time)
[debug] [2023-12-31T13:42:53.460Z] ----------------------------------------------------------------------
[debug] 
[debug] [2023-12-31T13:42:53.462Z] >>> [apiv2][query] GET https://firebase-public.firebaseio.com/cli.json [none]
[debug] [2023-12-31T13:42:53.502Z] > command requires scopes: ["email","openid","https://www.googleapis.com/auth/cloudplatformprojects.readonly","https://www.googleapis.com/auth/firebase","https://www.googleapis.com/auth/cloud-platform"]
[debug] [2023-12-31T13:42:53.502Z] > authorizing via signed-in user (gouravpanseja25@gmail.com)
[info] 
     ######## #### ########  ######## ########     ###     ######  ########
     ##        ##  ##     ## ##       ##     ##  ##   ##  ##       ##
     ######    ##  ########  ######   ########  #########  ######  ######
     ##        ##  ##    ##  ##       ##     ## ##     ##       ## ##
     ##       #### ##     ## ######## ########  ##     ##  ######  ########

You're about to initialize a Firebase project in this directory:

  /Users/gouravpanseja/Desktop/Web_development/webD/Firebase/chatapp

[debug] [2023-12-31T13:42:54.209Z] <<< [apiv2][status] GET https://firebase-public.firebaseio.com/cli.json 200
[debug] [2023-12-31T13:42:54.210Z] <<< [apiv2][body] GET https://firebase-public.firebaseio.com/cli.json {"cloudBuildErrorAfter":1594252800000,"cloudBuildWarnAfter":1590019200000,"defaultNode10After":1594252800000,"minVersion":"3.0.5","node8DeploysDisabledAfter":1613390400000,"node8RuntimeDisabledAfter":1615809600000,"node8WarnAfter":1600128000000}
[info] 
=== Project Setup
[info] 
[info] First, let's associate this project directory with a Firebase project.
[info] You can create multiple project aliases by running firebase use --add, 
[info] but for now we'll just set up a default project.
[info] 
[debug] [2023-12-31T13:43:12.218Z] > refreshing access token with scopes: []
[debug] [2023-12-31T13:43:12.219Z] >>> [apiv2][query] POST https://www.googleapis.com/oauth2/v3/token [none]
[debug] [2023-12-31T13:43:12.220Z] >>> [apiv2][body] POST https://www.googleapis.com/oauth2/v3/token [omitted]
[debug] [2023-12-31T13:43:12.615Z] <<< [apiv2][status] POST https://www.googleapis.com/oauth2/v3/token 200
[debug] [2023-12-31T13:43:12.615Z] <<< [apiv2][body] POST https://www.googleapis.com/oauth2/v3/token [omitted]
[debug] [2023-12-31T13:43:12.634Z] >>> [apiv2][query] GET https://firebase.googleapis.com/v1beta1/projects pageSize=100
[debug] [2023-12-31T13:43:13.549Z] <<< [apiv2][status] GET https://firebase.googleapis.com/v1beta1/projects 200
[debug] [2023-12-31T13:43:13.549Z] <<< [apiv2][body] GET https://firebase.googleapis.com/v1beta1/projects [omitted]
[info] i  Using project chat-app-4ca87 (chat-app) 
[info] 
=== Hosting Setup
[debug] [2023-12-31T13:43:18.652Z] >>> [apiv2][query] GET https://firebase.googleapis.com/v1beta1/projects/chat-app-4ca87 [none]
[debug] [2023-12-31T13:43:19.227Z] <<< [apiv2][status] GET https://firebase.googleapis.com/v1beta1/projects/chat-app-4ca87 200
[debug] [2023-12-31T13:43:19.228Z] <<< [apiv2][body] GET https://firebase.googleapis.com/v1beta1/projects/chat-app-4ca87 {"projectId":"chat-app-4ca87","projectNumber":"489542354846","displayName":"chat-app","name":"projects/chat-app-4ca87","resources":{"hostingSite":"chat-app-4ca87","storageBucket":"chat-app-4ca87.appspot.com","locationId":"us-central"},"state":"ACTIVE","etag":"1_4053b59d-5515-4f1a-b2a4-6cb4257838e0"}
[info] 
[info] Your public directory is the folder (relative to your project directory) that
[info] will contain Hosting assets to be uploaded with firebase deploy. If you
[info] have a build process for your assets, use your build's output directory.
[info] 
[info] ✔  Wrote build/404.html 
[debug] [2023-12-31T13:46:12.172Z] >>> [apiv2][query] GET https://www.gstatic.com/firebasejs/releases.json [none]
[debug] [2023-12-31T13:46:12.336Z] <<< [apiv2][status] GET https://www.gstatic.com/firebasejs/releases.json 200
[debug] [2023-12-31T13:46:12.336Z] <<< [apiv2][body] GET https://www.gstatic.com/firebasejs/releases.json {"current":{"version":"10.7.1","browserURL":"https://www.gstatic.com/firebasejs/10.7.1/firebase.js","packageURL":"https://www.gstatic.com/firebasejs/10.7.1/firebase.tgz"},"live":{"version":"10.7","browserURL":"https://www.gstatic.com/firebasejs/live/10.7/firebase.js","packageURL":"https://www.gstatic.com/firebasejs/live/10.7/firebase.tgz"},"components":{"analytics":"https://www.gstatic.com/firebasejs/10.7.1/firebase-analytics.js","app":"https://www.gstatic.com/firebasejs/10.7.1/firebase-app.js","app-check":"https://www.gstatic.com/firebasejs/10.7.1/firebase-app-check.js","auth":"https://www.gstatic.com/firebasejs/10.7.1/firebase-auth.js","auth/cordova":"https://www.gstatic.com/firebasejs/10.7.1/firebase-auth/cordova.js","functions":"https://www.gstatic.com/firebasejs/10.7.1/firebase-functions.js","firestore":"https://www.gstatic.com/firebasejs/10.7.1/firebase-firestore.js","firestore/lite":"https://www.gstatic.com/firebasejs/10.7.1/firebase-firestore/lite.js","installations":"https://www.gstatic.com/firebasejs/10.7.1/firebase-installations.js","storage":"https://www.gstatic.com/firebasejs/10.7.1/firebase-storage.js","performance":"https://www.gstatic.com/firebasejs/10.7.1/firebase-performance.js","remote-config":"https://www.gstatic.com/firebasejs/10.7.1/firebase-remote-config.js","messaging":"https://www.gstatic.com/firebasejs/10.7.1/firebase-messaging.js","messaging/sw":"https://www.gstatic.com/firebasejs/10.7.1/firebase-messaging/sw.js","database":"https://www.gstatic.com/firebasejs/10.7.1/firebase-database.js","firestore.memory":"https://www.gstatic.com/firebasejs/10.7.1/firebase-firestore.memory.js"}}
[info] i  Skipping write of build/index.html 
[info] 
[info] i  Detected a .git folder at /Users/gouravpanseja/Desktop/Web_development/webD/Firebase/chatapp 
[info] i  Authorizing with GitHub to upload your service account to a GitHub repository's secrets store. 
[info] 
[info] Visit this URL on this device to log in:
[info] https://github.com/login/oauth/authorize?client_id=89cf50f02ac6aaed3484&state=641334846&redirect_uri=http%3A%2F%2Flocalhost%3A9005&scope=read%3Auser%20repo%20public_repo
[info] 
[info] Waiting for authentication...
[debug] [2023-12-31T13:46:16.667Z] >>> [apiv2][query] POST https://github.com/login/oauth/access_token [none]
[debug] [2023-12-31T13:46:16.667Z] >>> [apiv2][body] POST https://github.com/login/oauth/access_token [stream]
[debug] [2023-12-31T13:46:17.319Z] <<< [apiv2][status] POST https://github.com/login/oauth/access_token 200
[debug] [2023-12-31T13:46:17.319Z] <<< [apiv2][body] POST https://github.com/login/oauth/access_token {"access_token":"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","token_type":"bearer","scope":"read:user,repo"}
[debug] [2023-12-31T13:46:17.333Z] >>> [apiv2][query] GET https://api.github.com/user [none]
[debug] [2023-12-31T13:46:17.806Z] <<< [apiv2][status] GET https://api.github.com/user 200
[debug] [2023-12-31T13:46:17.807Z] <<< [apiv2][body] GET https://api.github.com/user {"login":"GouravPanseja","id":138384587,"node_id":"U_kgDOCD-Uyw","avatar_url":"https://avatars.githubusercontent.com/u/138384587?v=4","gravatar_id":"","url":"https://api.github.com/users/GouravPanseja","html_url":"https://github.com/GouravPanseja","followers_url":"https://api.github.com/users/GouravPanseja/followers","following_url":"https://api.github.com/users/GouravPanseja/following{/other_user}","gists_url":"https://api.github.com/users/GouravPanseja/gists{/gist_id}","starred_url":"https://api.github.com/users/GouravPanseja/starred{/owner}{/repo}","subscriptions_url":"https://api.github.com/users/GouravPanseja/subscriptions","organizations_url":"https://api.github.com/users/GouravPanseja/orgs","repos_url":"https://api.github.com/users/GouravPanseja/repos","events_url":"https://api.github.com/users/GouravPanseja/events{/privacy}","received_events_url":"https://api.github.com/users/GouravPanseja/received_events","type":"User","site_admin":false,"name":"Gourav Panseja","company":null,"blog":"","location":null,"email":null,"hireable":null,"bio":null,"twitter_username":null,"public_repos":26,"public_gists":0,"followers":0,"following":1,"created_at":"2023-07-02T15:06:20Z","updated_at":"2023-12-01T04:56:50Z","private_gists":0,"total_private_repos":7,"owned_private_repos":7,"disk_usage":262370,"collaborators":0,"two_factor_authentication":false,"plan":{"name":"free","space":976562499,"collaborators":0,"private_repos":10000}}
[info] 
[info] ✔  Success! Logged into GitHub as GouravPanseja 
[info] 
